<?xml version="1.0" encoding="UTF-8"?>
<!-- Generated by org.testng.reporters.JUnitReportReporter -->
<testsuite skipped="0" hostname="DESKTOP-22KES7A" name="cases.GetUserInfoTest" tests="1" failures="0" timestamp="27 Mar 2020 08:26:22 GMT" time="3.052" errors="0">
  <testcase name="getUserInfo" time="3.052" classname="cases.GetUserInfoTest"/>
</testsuite> <!-- cases.GetUserInfoTest -->
