<?xml version="1.0" encoding="UTF-8"?>
<!-- Generated by org.testng.reporters.JUnitReportReporter -->
<testsuite skipped="0" hostname="DESKTOP-22KES7A" name="cases.GetUserListTest" tests="1" failures="0" timestamp="27 Mar 2020 08:26:22 GMT" time="0.093" errors="0">
  <testcase name="getUserList" time="0.093" classname="cases.GetUserListTest"/>
</testsuite> <!-- cases.GetUserListTest -->
